<?xml version="1.0" encoding="UTF-8"?>
<testng-results skipped="0" failed="1" total="3" passed="2">
  <reporter-output>
  </reporter-output>
  <suite name="Default suite" duration-ms="63488" started-at="2016-02-26T02:09:20Z" finished-at="2016-02-26T02:10:24Z">
    <groups>
    </groups>
    <test name="Default test" duration-ms="63488" started-at="2016-02-26T02:09:20Z" finished-at="2016-02-26T02:10:24Z">
      <class name="sample.Basics_Program">
        <test-method status="PASS" signature="beforeClass()[pri:0, instance:sample.Basics_Program@1dfb72a]" name="beforeClass" is-config="true" duration-ms="7986" started-at="2016-02-26T07:39:20Z" finished-at="2016-02-26T07:39:28Z">
          <reporter-output>
          </reporter-output>
        </test-method> <!-- beforeClass -->
        <test-method status="FAIL" signature="tesBasics_Program()[pri:0, instance:sample.Basics_Program@1dfb72a]" name="tesBasics_Program" duration-ms="16895" started-at="2016-02-26T07:39:28Z" finished-at="2016-02-26T07:39:45Z">
          <exception class="org.openqa.selenium.NoSuchElementException">
            <message>
              <![CDATA[Unable to locate element: {"method":"name","selector":"enAS123"}
Command duration or timeout: 10.66 seconds
For documentation on this error, please visit: http://seleniumhq.org/exceptions/no_such_element.html
Build info: version: '2.52.0', revision: '4c2593cfc3689a7fcd7be52549167e5ccc93ad28', time: '2016-02-11 11:22:43'
System info: host: 'Naga-PC', ip: '192.168.1.101', os.name: 'Windows 7', os.arch: 'x86', os.version: '6.1', java.version: '1.8.0_66'
Driver info: org.openqa.selenium.firefox.FirefoxDriver
Capabilities [{applicationCacheEnabled=true, rotatable=false, handlesAlerts=true, databaseEnabled=true, version=43.0.1, platform=WINDOWS, nativeEvents=false, acceptSslCerts=true, webStorageEnabled=true, locationContextEnabled=true, browserName=firefox, takesScreenshot=true, javascriptEnabled=true, cssSelectorsEnabled=true}]
Session ID: 9428b126-52cf-482a-b0b3-0f8792bd6603
*** Element info: {Using=name, value=enAS123}]]>
            </message>
            <full-stacktrace>
              <![CDATA[org.openqa.selenium.NoSuchElementException: Unable to locate element: {"method":"name","selector":"enAS123"}
Command duration or timeout: 10.66 seconds
For documentation on this error, please visit: http://seleniumhq.org/exceptions/no_such_element.html
Build info: version: '2.52.0', revision: '4c2593cfc3689a7fcd7be52549167e5ccc93ad28', time: '2016-02-11 11:22:43'
System info: host: 'Naga-PC', ip: '192.168.1.101', os.name: 'Windows 7', os.arch: 'x86', os.version: '6.1', java.version: '1.8.0_66'
Driver info: org.openqa.selenium.firefox.FirefoxDriver
Capabilities [{applicationCacheEnabled=true, rotatable=false, handlesAlerts=true, databaseEnabled=true, version=43.0.1, platform=WINDOWS, nativeEvents=false, acceptSslCerts=true, webStorageEnabled=true, locationContextEnabled=true, browserName=firefox, takesScreenshot=true, javascriptEnabled=true, cssSelectorsEnabled=true}]
Session ID: 9428b126-52cf-482a-b0b3-0f8792bd6603
*** Element info: {Using=name, value=enAS123}
	at sun.reflect.NativeConstructorAccessorImpl.newInstance0(Native Method)
	at sun.reflect.NativeConstructorAccessorImpl.newInstance(Unknown Source)
	at sun.reflect.DelegatingConstructorAccessorImpl.newInstance(Unknown Source)
	at java.lang.reflect.Constructor.newInstance(Unknown Source)
	at org.openqa.selenium.remote.ErrorHandler.createThrowable(ErrorHandler.java:206)
	at org.openqa.selenium.remote.ErrorHandler.throwIfResponseFailed(ErrorHandler.java:158)
	at org.openqa.selenium.remote.RemoteWebDriver.execute(RemoteWebDriver.java:678)
	at org.openqa.selenium.remote.RemoteWebDriver.findElement(RemoteWebDriver.java:363)
	at org.openqa.selenium.remote.RemoteWebDriver.findElementByName(RemoteWebDriver.java:461)
	at org.openqa.selenium.By$ByName.findElement(By.java:303)
	at org.openqa.selenium.remote.RemoteWebDriver.findElement(RemoteWebDriver.java:355)
	at sample.Basics_Program.tesBasics_Program(Basics_Program.java:30)
	at sun.reflect.NativeMethodAccessorImpl.invoke0(Native Method)
	at sun.reflect.NativeMethodAccessorImpl.invoke(Unknown Source)
	at sun.reflect.DelegatingMethodAccessorImpl.invoke(Unknown Source)
	at java.lang.reflect.Method.invoke(Unknown Source)
	at org.testng.internal.MethodInvocationHelper.invokeMethod(MethodInvocationHelper.java:86)
	at org.testng.internal.Invoker.invokeMethod(Invoker.java:643)
	at org.testng.internal.Invoker.invokeTestMethod(Invoker.java:820)
	at org.testng.internal.Invoker.invokeTestMethods(Invoker.java:1128)
	at org.testng.internal.TestMethodWorker.invokeTestMethods(TestMethodWorker.java:129)
	at org.testng.internal.TestMethodWorker.run(TestMethodWorker.java:112)
	at org.testng.TestRunner.privateRun(TestRunner.java:782)
	at org.testng.TestRunner.run(TestRunner.java:632)
	at org.testng.SuiteRunner.runTest(SuiteRunner.java:366)
	at org.testng.SuiteRunner.runSequentially(SuiteRunner.java:361)
	at org.testng.SuiteRunner.privateRun(SuiteRunner.java:319)
	at org.testng.SuiteRunner.run(SuiteRunner.java:268)
	at org.testng.SuiteRunnerWorker.runSuite(SuiteRunnerWorker.java:52)
	at org.testng.SuiteRunnerWorker.run(SuiteRunnerWorker.java:86)
	at org.testng.TestNG.runSuitesSequentially(TestNG.java:1244)
	at org.testng.TestNG.runSuitesLocally(TestNG.java:1169)
	at org.testng.TestNG.run(TestNG.java:1064)
	at org.apache.maven.surefire.testng.TestNGExecutor.run(TestNGExecutor.java:295)
	at org.apache.maven.surefire.testng.TestNGXmlTestSuite.execute(TestNGXmlTestSuite.java:84)
	at org.apache.maven.surefire.testng.TestNGProvider.invoke(TestNGProvider.java:90)
	at org.apache.maven.surefire.booter.ForkedBooter.invokeProviderInSameClassLoader(ForkedBooter.java:203)
	at org.apache.maven.surefire.booter.ForkedBooter.runSuitesInProcess(ForkedBooter.java:155)
	at org.apache.maven.surefire.booter.ForkedBooter.main(ForkedBooter.java:103)
Caused by: org.openqa.selenium.NoSuchElementException: Unable to locate element: {"method":"name","selector":"enAS123"}
For documentation on this error, please visit: http://seleniumhq.org/exceptions/no_such_element.html
Build info: version: '2.52.0', revision: '4c2593cfc3689a7fcd7be52549167e5ccc93ad28', time: '2016-02-11 11:22:43'
System info: host: 'Naga-PC', ip: '192.168.1.101', os.name: 'Windows 7', os.arch: 'x86', os.version: '6.1', java.version: '1.8.0_66'
Driver info: driver.version: unknown
	at <anonymous class>.FirefoxDriver.prototype.findElementInternal_(file:///C:/Users/Naga/AppData/Local/Temp/anonymous9069303790079810856webdriver-profile/extensions/fxdriver@googlecode.com/components/driver-component.js:10723)
	at <anonymous class>.fxdriver.Timer.prototype.setTimeout/<.notify(file:///C:/Users/Naga/AppData/Local/Temp/anonymous9069303790079810856webdriver-profile/extensions/fxdriver@googlecode.com/components/driver-component.js:623)
]]>
            </full-stacktrace>
          </exception> <!-- org.openqa.selenium.NoSuchElementException -->
          <reporter-output>
          </reporter-output>
        </test-method> <!-- tesBasics_Program -->
        <test-method status="PASS" signature="afterClass()[pri:0, instance:sample.Basics_Program@1dfb72a]" name="afterClass" is-config="true" duration-ms="1050" started-at="2016-02-26T07:39:45Z" finished-at="2016-02-26T07:39:46Z">
          <reporter-output>
          </reporter-output>
        </test-method> <!-- afterClass -->
      </class> <!-- sample.Basics_Program -->
      <class name="sample.FirstMaven">
        <test-method status="PASS" signature="beforeClass()[pri:0, instance:sample.FirstMaven@ea639]" name="beforeClass" is-config="true" duration-ms="4945" started-at="2016-02-26T07:40:09Z" finished-at="2016-02-26T07:40:14Z">
          <reporter-output>
          </reporter-output>
        </test-method> <!-- beforeClass -->
        <test-method status="PASS" signature="testFirstMaven()[pri:0, instance:sample.FirstMaven@ea639]" name="testFirstMaven" duration-ms="8847" started-at="2016-02-26T07:40:14Z" finished-at="2016-02-26T07:40:23Z">
          <reporter-output>
          </reporter-output>
        </test-method> <!-- testFirstMaven -->
        <test-method status="PASS" signature="afterClass()[pri:0, instance:sample.FirstMaven@ea639]" name="afterClass" is-config="true" duration-ms="595" started-at="2016-02-26T07:40:23Z" finished-at="2016-02-26T07:40:24Z">
          <reporter-output>
          </reporter-output>
        </test-method> <!-- afterClass -->
      </class> <!-- sample.FirstMaven -->
      <class name="sample.Enabled_Program">
        <test-method status="PASS" signature="beforeClass()[pri:0, instance:sample.Enabled_Program@1c68925]" name="beforeClass" is-config="true" duration-ms="8543" started-at="2016-02-26T07:39:46Z" finished-at="2016-02-26T07:39:55Z">
          <reporter-output>
          </reporter-output>
        </test-method> <!-- beforeClass -->
        <test-method status="PASS" signature="tesEnabled_Program()[pri:0, instance:sample.Enabled_Program@1c68925]" name="tesEnabled_Program" duration-ms="12930" started-at="2016-02-26T07:39:55Z" finished-at="2016-02-26T07:40:07Z">
          <reporter-output>
          </reporter-output>
        </test-method> <!-- tesEnabled_Program -->
        <test-method status="PASS" signature="afterClass()[pri:0, instance:sample.Enabled_Program@1c68925]" name="afterClass" is-config="true" duration-ms="1658" started-at="2016-02-26T07:40:07Z" finished-at="2016-02-26T07:40:09Z">
          <reporter-output>
          </reporter-output>
        </test-method> <!-- afterClass -->
      </class> <!-- sample.Enabled_Program -->
    </test> <!-- Default test -->
  </suite> <!-- Default suite -->
</testng-results>
